<?xml version="1.0" encoding="UTF-8"?>
<!-- Generated by org.testng.reporters.JUnitReportReporter -->
<testsuite hostname="LAPTOP-PF6E4F9M" failures="0" tests="2" name="testExcel.TestExcelDelete" time="24.604" errors="0" timestamp="2023-04-20T00:50:46 ICT" skipped="0">
  <testcase classname="testExcel.TestExcelDelete" name="Login" time="2.660"/>
  <system-out/>
  <testcase classname="testExcel.TestExcelDelete" name="DeleteTest" time="21.944"/>
  <system-out/>
</testsuite> <!-- testExcel.TestExcelDelete -->
