<?xml version="1.0" encoding="UTF-8"?>
<!-- Generated by org.testng.reporters.JUnitReportReporter -->
<testsuite hostname="LAPTOP-PF6E4F9M" failures="0" tests="2" name="testExcel.TestExcelUpdate" time="22.728" errors="0" timestamp="2023-04-20T00:50:46 ICT" skipped="0">
  <testcase classname="testExcel.TestExcelUpdate" name="Login" time="2.411"/>
  <system-out/>
  <testcase classname="testExcel.TestExcelUpdate" name="UpdateTest" time="20.317"/>
  <system-out/>
</testsuite> <!-- testExcel.TestExcelUpdate -->
