<?xml version="1.0" encoding="UTF-8"?>
<!-- Generated by org.testng.reporters.JUnitReportReporter -->
<testsuite hostname="LAPTOP-PF6E4F9M" failures="0" tests="1" name="testExcel.TestExcelLogin" time="38.724" errors="0" timestamp="2023-04-20T13:11:03 ICT" skipped="0">
  <testcase classname="testExcel.TestExcelLogin" name="LoginTest" time="38.724"/>
  <system-out/>
</testsuite> <!-- testExcel.TestExcelLogin -->
