<?xml version="1.0" encoding="UTF-8"?>
<!-- Generated by org.testng.reporters.JUnitReportReporter -->
<testsuite hostname="LAPTOP-PF6E4F9M" failures="0" tests="1" name="testExcel.TestExcelSignUp" time="0.001" errors="0" timestamp="2023-04-20T00:50:46 ICT" skipped="0">
  <testcase classname="testExcel.TestExcelSignUp" name="SignTest" time="0.001"/>
  <system-out/>
</testsuite> <!-- testExcel.TestExcelSignUp -->
